<?xml version="1.0" encoding="UTF-8"?>
<testng-results ignored="0" total="5" passed="5" failed="0" skipped="0">
  <reporter-output>
  </reporter-output>
  <suite started-at="2025-09-08T01:15:07 IST" name="Cucumber Test Suite" finished-at="2025-09-08T01:15:53 IST" duration-ms="46147">
    <groups>
      <group name="cucumber">
        <method signature="AbstractTestNGCucumberTests.runScenario(io.cucumber.testng.PickleWrapper,io.cucumber.testng.FeatureWrapper)[pri:0, instance:TestRunner.MyTestRunner2@79d8407f]" name="runScenario" class="io.cucumber.testng.AbstractTestNGCucumberTests"/>
      </group> <!-- cucumber -->
    </groups>
    <test started-at="2025-09-08T01:15:07 IST" name="Cucumber Tests" finished-at="2025-09-08T01:15:53 IST" duration-ms="46147">
      <class name="TestRunner.MyTestRunner2">
        <test-method is-config="true" signature="setUpClass(org.testng.ITestContext)[pri:0, instance:TestRunner.MyTestRunner2@79d8407f]" started-at="2025-09-08T01:15:07 IST" name="setUpClass" finished-at="2025-09-08T01:15:07 IST" duration-ms="861" status="PASS">
          <params>
            <param index="0">
              <value>
                <![CDATA[org.testng.TestRunner@353f472a]]>
              </value>
            </param>
          </params>
          <reporter-output>
          </reporter-output>
        </test-method> <!-- setUpClass -->
        <test-method signature="runScenario(io.cucumber.testng.PickleWrapper,io.cucumber.testng.FeatureWrapper)[pri:0, instance:TestRunner.MyTestRunner2@79d8407f]" started-at="2025-09-08T01:15:07 IST" name="runScenario" description="Runs Cucumber Scenarios" data-provider="scenarios" finished-at="2025-09-08T01:15:15 IST" duration-ms="7044" status="PASS">
          <params>
            <param index="0">
              <value>
                <![CDATA["Home Page Test"]]>
              </value>
            </param>
            <param index="1">
              <value>
                <![CDATA["West Florida AHEC Website Tests"]]>
              </value>
            </param>
          </params>
          <reporter-output>
          </reporter-output>
        </test-method> <!-- runScenario -->
        <test-method signature="runScenario(io.cucumber.testng.PickleWrapper,io.cucumber.testng.FeatureWrapper)[pri:0, instance:TestRunner.MyTestRunner2@79d8407f]" started-at="2025-09-08T01:15:15 IST" name="runScenario" description="Runs Cucumber Scenarios" data-provider="scenarios" finished-at="2025-09-08T01:15:24 IST" duration-ms="9112" status="PASS">
          <params>
            <param index="0">
              <value>
                <![CDATA["Program Section Test"]]>
              </value>
            </param>
            <param index="1">
              <value>
                <![CDATA["West Florida AHEC Website Tests"]]>
              </value>
            </param>
          </params>
          <reporter-output>
          </reporter-output>
        </test-method> <!-- runScenario -->
        <test-method signature="runScenario(io.cucumber.testng.PickleWrapper,io.cucumber.testng.FeatureWrapper)[pri:0, instance:TestRunner.MyTestRunner2@79d8407f]" started-at="2025-09-08T01:15:24 IST" name="runScenario" description="Runs Cucumber Scenarios" data-provider="scenarios" finished-at="2025-09-08T01:15:33 IST" duration-ms="9546" status="PASS">
          <params>
            <param index="0">
              <value>
                <![CDATA["Registration Test"]]>
              </value>
            </param>
            <param index="1">
              <value>
                <![CDATA["West Florida AHEC Website Tests"]]>
              </value>
            </param>
          </params>
          <reporter-output>
          </reporter-output>
        </test-method> <!-- runScenario -->
        <test-method signature="runScenario(io.cucumber.testng.PickleWrapper,io.cucumber.testng.FeatureWrapper)[pri:0, instance:TestRunner.MyTestRunner2@79d8407f]" started-at="2025-09-08T01:15:33 IST" name="runScenario" description="Runs Cucumber Scenarios" data-provider="scenarios" finished-at="2025-09-08T01:15:45 IST" duration-ms="11501" status="PASS">
          <params>
            <param index="0">
              <value>
                <![CDATA["Login Test"]]>
              </value>
            </param>
            <param index="1">
              <value>
                <![CDATA["West Florida AHEC Website Tests"]]>
              </value>
            </param>
          </params>
          <reporter-output>
          </reporter-output>
        </test-method> <!-- runScenario -->
        <test-method signature="runScenario(io.cucumber.testng.PickleWrapper,io.cucumber.testng.FeatureWrapper)[pri:0, instance:TestRunner.MyTestRunner2@79d8407f]" started-at="2025-09-08T01:15:45 IST" name="runScenario" description="Runs Cucumber Scenarios" data-provider="scenarios" finished-at="2025-09-08T01:15:50 IST" duration-ms="4828" status="PASS">
          <params>
            <param index="0">
              <value>
                <![CDATA["Contact Us Test"]]>
              </value>
            </param>
            <param index="1">
              <value>
                <![CDATA["West Florida AHEC Website Tests"]]>
              </value>
            </param>
          </params>
          <reporter-output>
          </reporter-output>
        </test-method> <!-- runScenario -->
        <test-method is-config="true" signature="tearDownClass()[pri:0, instance:TestRunner.MyTestRunner2@79d8407f]" started-at="2025-09-08T01:15:50 IST" name="tearDownClass" finished-at="2025-09-08T01:15:53 IST" duration-ms="3185" status="PASS">
          <reporter-output>
          </reporter-output>
        </test-method> <!-- tearDownClass -->
      </class> <!-- TestRunner.MyTestRunner2 -->
    </test> <!-- Cucumber Tests -->
  </suite> <!-- Cucumber Test Suite -->
</testng-results>
